{
  "RSpec": {
    "coverage": {
      "/Users/glynnisoconnell/repeat2/monster_shop_final/spec/spec_helper.rb": [
        null,
        null,
        null,
        null,
        null,
        null,
        null,
        null,
        null,
        null,
        null,
        null,
        null,
        null,
        null,
        1,
        null,
        null,
        null,
        1,
        null,
        null,
        null,
        null,
        null,
        null,
        null,
        1,
        null,
        null,
        null,
        null,
        1,
        null,
        null,
        null,
        1,
        null,
        null,
        null,
        null,
        null,
        null,
        null,
        1,
        null,
        null,
        null,
        null,
        null,
        null,
        null,
        null,
        null,
        null,
        null,
        null,
        null,
        null,
        null,
        null,
        null,
        null,
        null,
        null,
        null,
        null,
        null,
        null,
        null,
        null,
        null,
        null,
        null,
        null,
        null,
        null,
        null,
        null,
        null,
        null,
        null,
        null,
        null,
        null,
        null,
        null,
        null,
        null,
        null,
        null,
        null,
        null,
        null,
        null,
        null
      ],
      "/Users/glynnisoconnell/repeat2/monster_shop_final/config/environment.rb": [
        null,
        1,
        null,
        null,
        1
      ],
      "/Users/glynnisoconnell/repeat2/monster_shop_final/config/application.rb": [
        1,
        null,
        1,
        null,
        1,
        1,
        1,
        1,
        1,
        1,
        1,
        1,
        null,
        null,
        null,
        null,
        1,
        null,
        1,
        1,
        null,
        1,
        null,
        null,
        null,
        null,
        null,
        null,
        1,
        null,
        null
      ],
      "/Users/glynnisoconnell/repeat2/monster_shop_final/config/boot.rb": [
        1,
        null,
        1
      ],
      "/Users/glynnisoconnell/repeat2/monster_shop_final/config/environments/test.rb": [
        1,
        null,
        null,
        null,
        null,
        null,
        null,
        1,
        null,
        null,
        null,
        null,
        1,
        null,
        null,
        1,
        1,
        null,
        null,
        null,
        null,
        1,
        1,
        null,
        null,
        1,
        null,
        null,
        1,
        1,
        null,
        null,
        null,
        null,
        1,
        null,
        null,
        1,
        null,
        null,
        null,
        null
      ],
      "/Users/glynnisoconnell/repeat2/monster_shop_final/config/initializers/application_controller_renderer.rb": [
        null,
        null,
        null,
        null,
        null,
        null,
        null,
        null
      ],
      "/Users/glynnisoconnell/repeat2/monster_shop_final/config/initializers/assets.rb": [
        null,
        null,
        null,
        1,
        null,
        null,
        null,
        null,
        1,
        null,
        null,
        null,
        null,
        null
      ],
      "/Users/glynnisoconnell/repeat2/monster_shop_final/config/initializers/backtrace_silencers.rb": [
        null,
        null,
        null,
        null,
        null,
        null,
        null
      ],
      "/Users/glynnisoconnell/repeat2/monster_shop_final/config/initializers/cookies_serializer.rb": [
        null,
        null,
        null,
        null,
        1
      ],
      "/Users/glynnisoconnell/repeat2/monster_shop_final/config/initializers/filter_parameter_logging.rb": [
        null,
        null,
        null,
        1
      ],
      "/Users/glynnisoconnell/repeat2/monster_shop_final/config/initializers/inflections.rb": [
        null,
        null,
        null,
        null,
        null,
        null,
        null,
        null,
        null,
        null,
        null,
        null,
        null,
        null,
        null,
        null
      ],
      "/Users/glynnisoconnell/repeat2/monster_shop_final/config/initializers/mime_types.rb": [
        null,
        null,
        null,
        null
      ],
      "/Users/glynnisoconnell/repeat2/monster_shop_final/config/initializers/wrap_parameters.rb": [
        null,
        null,
        null,
        null,
        null,
        null,
        1,
        2,
        null,
        null,
        null,
        null,
        null,
        null
      ],
      "/Users/glynnisoconnell/repeat2/monster_shop_final/config/routes.rb": [
        1,
        null,
        1,
        null,
        1,
        1,
        null,
        null,
        1,
        1,
        null,
        null,
        1,
        1,
        null,
        1,
        1,
        1,
        1,
        1,
        null,
        1,
        1,
        1,
        1,
        1,
        1,
        1,
        1,
        1,
        1,
        1,
        1,
        null,
        1,
        1,
        1,
        null,
        1,
        1,
        1,
        1,
        1,
        1,
        null,
        null,
        1,
        1,
        1,
        1,
        1,
        null,
        null
      ],
      "/Users/glynnisoconnell/repeat2/monster_shop_final/app/helpers/application_helper.rb": [
        1,
        null
      ],
      "/Users/glynnisoconnell/repeat2/monster_shop_final/app/models/merchant.rb": [
        1,
        1,
        1,
        1,
        1,
        null,
        1,
        null,
        null,
        null,
        null,
        null,
        1,
        0,
        null,
        null,
        1,
        0,
        null,
        null,
        1,
        null,
        null,
        null,
        0,
        null,
        null,
        1,
        0,
        null,
        null,
        1,
        0,
        null,
        null
      ],
      "/Users/glynnisoconnell/repeat2/monster_shop_final/app/models/application_record.rb": [
        1,
        1,
        null
      ],
      "/Users/glynnisoconnell/repeat2/monster_shop_final/app/models/item.rb": [
        1,
        1,
        1,
        1,
        1,
        null,
        1,
        null,
        null,
        null,
        null,
        null,
        1,
        25,
        null,
        null,
        1,
        null,
        null,
        null,
        null,
        50,
        null,
        null,
        1,
        0,
        null,
        null,
        1,
        0,
        null,
        null
      ],
      "/Users/glynnisoconnell/repeat2/monster_shop_final/app/controllers/items_controller.rb": [
        1,
        1,
        25,
        0,
        0,
        null,
        25,
        null,
        null,
        null,
        1,
        25,
        null,
        null
      ],
      "/Users/glynnisoconnell/repeat2/monster_shop_final/app/controllers/application_controller.rb": [
        1,
        1,
        null,
        1,
        null,
        null,
        null,
        null,
        1,
        250,
        null,
        null,
        1,
        490,
        null,
        null,
        1,
        93,
        null,
        null,
        1,
        85,
        null,
        null,
        1,
        3,
        null,
        null,
        1,
        0,
        null,
        null,
        1,
        0,
        null,
        null,
        1,
        50,
        null,
        null,
        1,
        0,
        0,
        null,
        null,
        null
      ],
      "/Users/glynnisoconnell/repeat2/monster_shop_final/app/models/review.rb": [
        1,
        1,
        null,
        1,
        1,
        null
      ],
      "/Users/glynnisoconnell/repeat2/monster_shop_final/app/models/cart.rb": [
        1,
        1,
        null,
        1,
        100,
        100,
        null,
        null,
        1,
        25,
        null,
        null,
        1,
        2,
        null,
        null,
        1,
        71,
        null,
        null,
        1,
        28,
        40,
        null,
        null,
        null,
        1,
        12,
        12,
        19,
        null,
        12,
        null,
        null,
        1,
        67,
        null,
        null,
        1,
        19,
        null,
        null,
        1,
        44,
        null,
        null
      ],
      "/Users/glynnisoconnell/repeat2/monster_shop_final/app/controllers/cart_controller.rb": [
        1,
        1,
        null,
        1,
        25,
        25,
        25,
        1,
        null,
        24,
        24,
        24,
        null,
        25,
        null,
        null,
        1,
        15,
        null,
        null,
        1,
        1,
        1,
        null,
        null,
        1,
        2,
        2,
        null,
        null,
        1,
        3,
        1,
        2,
        2,
        2,
        null,
        2,
        2,
        null,
        null
      ],
      "/Users/glynnisoconnell/repeat2/monster_shop_final/app/models/order_item.rb": [
        1,
        1,
        1,
        null,
        1,
        0,
        null,
        null,
        1,
        0,
        0,
        null,
        null,
        1,
        0,
        null,
        null
      ],
      "/Users/glynnisoconnell/repeat2/monster_shop_final/app/models/order.rb": [
        1,
        1,
        1,
        1,
        1,
        null,
        1,
        null,
        1,
        1,
        null,
        null,
        1,
        1,
        null,
        null,
        1,
        0,
        0,
        0,
        0,
        null,
        null,
        null,
        1,
        null,
        null,
        null,
        0,
        null,
        null,
        1,
        null,
        null,
        null,
        0,
        null,
        null,
        1,
        0,
        null,
        null,
        1,
        0,
        null,
        null
      ],
      "/Users/glynnisoconnell/repeat2/monster_shop_final/app/models/user.rb": [
        1,
        1,
        null,
        1,
        1,
        1,
        1,
        null,
        1,
        1,
        null,
        1,
        null
      ],
      "/Users/glynnisoconnell/repeat2/monster_shop_final/app/models/address.rb": [
        1,
        1,
        1,
        1,
        1,
        1,
        null,
        1,
        1,
        null,
        1,
        null,
        1,
        3,
        3,
        0,
        null,
        null,
        null
      ],
      "/Users/glynnisoconnell/repeat2/monster_shop_final/app/controllers/user/orders_controller.rb": [
        1,
        1,
        null,
        1,
        1,
        null,
        null,
        1,
        0,
        null,
        null,
        1,
        1,
        1,
        1,
        2,
        null,
        null,
        null,
        null,
        null,
        1,
        1,
        1,
        null,
        null,
        1,
        0,
        0,
        0,
        null,
        null,
        1,
        1,
        1,
        null,
        null
      ],
      "/Users/glynnisoconnell/repeat2/monster_shop_final/app/controllers/sessions_controller.rb": [
        1,
        1,
        1,
        0,
        0,
        null,
        null,
        null,
        1,
        1,
        1,
        1,
        null,
        0,
        0,
        null,
        null,
        null,
        1,
        0,
        0,
        0,
        0,
        null,
        null,
        1,
        null,
        1,
        1,
        1,
        0,
        1,
        0,
        null,
        1,
        null,
        null,
        null
      ],
      "/Users/glynnisoconnell/repeat2/monster_shop_final/app/controllers/users_controller.rb": [
        1,
        1,
        1,
        null,
        1,
        3,
        null,
        null,
        1,
        0,
        0,
        null,
        null,
        1,
        0,
        0,
        0,
        0,
        0,
        0,
        null,
        0,
        0,
        null,
        null,
        null,
        1,
        0,
        null,
        null,
        1,
        0,
        null,
        null,
        1,
        0,
        null,
        0,
        0,
        0,
        null,
        0,
        0,
        null,
        null,
        null,
        1,
        null,
        1,
        0,
        null,
        null,
        1,
        0,
        null,
        null
      ],
      "/Users/glynnisoconnell/repeat2/monster_shop_final/app/controllers/addresses_controller.rb": [
        1,
        null,
        1,
        null,
        null,
        1,
        0,
        null,
        null,
        1,
        0,
        0,
        null,
        null,
        1,
        0,
        null,
        null,
        1,
        0,
        0,
        0,
        null,
        null,
        1,
        2,
        2,
        2,
        null,
        null,
        null,
        1,
        null,
        1,
        0,
        null,
        null
      ]
    },
    "timestamp": 1564432644
  }
}
